<?xml version="1.0" encoding="UTF-8"?>
<!-- Generated by org.testng.reporters.JUnitXMLReporter -->
<testsuite hostname="LVLFCPAB000385" ignored="0" name="Test_Redmi" tests="16" failures="1" timestamp="26 Jul 2017 16:31:24 GMT" time="189.863" errors="0">
  <testcase name="setUp" time="0.056" classname="com.MyGNP_TCs.TC_0_Init">
    <failure type="org.openqa.selenium.SessionNotCreatedException" message="A new session could not be created. Details: Problem getting session data for driver type AndroidDriver; does it implement &amp;apos;get driverData&amp;apos;? (WARNING: The server did not provide any stacktrace information)
Command duration or timeout: 34 milliseconds
Build info: version: &amp;apos;3.4.0&amp;apos;, revision: &amp;apos;unknown&amp;apos;, time: &amp;apos;unknown&amp;apos;
System info: host: &amp;apos;LVLFCPAB000385&amp;apos;, ip: &amp;apos;10.101.181.16&amp;apos;, os.name: &amp;apos;Windows 7&amp;apos;, os.arch: &amp;apos;amd64&amp;apos;, os.version: &amp;apos;6.1&amp;apos;, java.version: &amp;apos;1.8.0_131&amp;apos;
Driver info: driver.version: AndroidDriver">
      <![CDATA[org.openqa.selenium.SessionNotCreatedException: A new session could not be created. Details: Problem getting session data for driver type AndroidDriver; does it implement 'get driverData'? (WARNING: The server did not provide any stacktrace information)
Command duration or timeout: 34 milliseconds
Build info: version: '3.4.0', revision: 'unknown', time: 'unknown'
System info: host: 'LVLFCPAB000385', ip: '10.101.181.16', os.name: 'Windows 7', os.arch: 'amd64', os.version: '6.1', java.version: '1.8.0_131'
Driver info: driver.version: AndroidDriver
	at org.openqa.selenium.remote.ErrorHandler.createThrowable(ErrorHandler.java:215)
	at org.openqa.selenium.remote.ErrorHandler.throwIfResponseFailed(ErrorHandler.java:167)
	at org.openqa.selenium.remote.JsonWireProtocolResponse.lambda$new$0(JsonWireProtocolResponse.java:53)
	at org.openqa.selenium.remote.JsonWireProtocolResponse.lambda$getResponseFunction$2(JsonWireProtocolResponse.java:91)
	at org.openqa.selenium.remote.ProtocolHandshake.lambda$createSession$22(ProtocolHandshake.java:365)
	at java.util.stream.ReferencePipeline$3$1.accept(Unknown Source)
	at java.util.Spliterators$ArraySpliterator.tryAdvance(Unknown Source)
	at java.util.stream.ReferencePipeline.forEachWithCancel(Unknown Source)
	at java.util.stream.AbstractPipeline.copyIntoWithCancel(Unknown Source)
	at java.util.stream.AbstractPipeline.copyInto(Unknown Source)
	at java.util.stream.AbstractPipeline.wrapAndCopyInto(Unknown Source)
	at java.util.stream.FindOps$FindOp.evaluateSequential(Unknown Source)
	at java.util.stream.AbstractPipeline.evaluate(Unknown Source)
	at java.util.stream.ReferencePipeline.findFirst(Unknown Source)
	at org.openqa.selenium.remote.ProtocolHandshake.createSession(ProtocolHandshake.java:368)
	at org.openqa.selenium.remote.ProtocolHandshake.createSession(ProtocolHandshake.java:159)
	at org.openqa.selenium.remote.HttpCommandExecutor.execute(HttpCommandExecutor.java:142)
	at io.appium.java_client.remote.AppiumCommandExecutor.execute(AppiumCommandExecutor.java:69)
	at org.openqa.selenium.remote.RemoteWebDriver.execute(RemoteWebDriver.java:637)
	at io.appium.java_client.DefaultGenericMobileDriver.execute(DefaultGenericMobileDriver.java:40)
	at io.appium.java_client.AppiumDriver.execute(AppiumDriver.java:1)
	at io.appium.java_client.android.AndroidDriver.execute(AndroidDriver.java:1)
	at org.openqa.selenium.remote.RemoteWebDriver.startSession(RemoteWebDriver.java:250)
	at org.openqa.selenium.remote.RemoteWebDriver.startSession(RemoteWebDriver.java:236)
	at org.openqa.selenium.remote.RemoteWebDriver.<init>(RemoteWebDriver.java:137)
	at io.appium.java_client.DefaultGenericMobileDriver.<init>(DefaultGenericMobileDriver.java:36)
	at io.appium.java_client.AppiumDriver.<init>(AppiumDriver.java:114)
	at io.appium.java_client.AppiumDriver.<init>(AppiumDriver.java:132)
	at io.appium.java_client.android.AndroidDriver.<init>(AndroidDriver.java:92)
	at com.MyGNP_Helper.Anrdroid_Factory.launch_App(Anrdroid_Factory.java:40)
	at com.MyGNP_TCs.TC_0_Init.setUp(TC_0_Init.java:60)
... Removed 29 stack frames]]>
    </failure>
  </testcase> <!-- setUp -->
  <testcase name="init" time="0.001" classname="com.MyGNP_TCs.TC_1_Launch_Application"/>
  <testcase name="Validate_App_Launch" time="35.174" classname="com.MyGNP_TCs.TC_1_Launch_Application"/>
  <testcase name="Accept_TnC" time="14.765" classname="com.MyGNP_TCs.TC_1_Launch_Application"/>
  <testcase name="Validate_Google_Device_Settings" time="14.375" classname="com.MyGNP_TCs.TC_1_Launch_Application"/>
  <testcase name="Google_Accept_TnC" time="14.545" classname="com.MyGNP_TCs.TC_1_Launch_Application"/>
  <testcase name="Validate_HomePage" time="14.441" classname="com.MyGNP_TCs.TC_1_Launch_Application"/>
  <testcase name="init" time="0.001" classname="com.MyGNP_TCs.TC_2_Choose_Pharmacy"/>
  <testcase name="Choose_Pharmacy" time="14.844" classname="com.MyGNP_TCs.TC_2_Choose_Pharmacy"/>
  <testcase name="validate_Store_Locator_Display" time="5.252" classname="com.MyGNP_TCs.TC_2_Choose_Pharmacy"/>
  <testcase name="enter_zip_store_locator" time="12.051" classname="com.MyGNP_TCs.TC_2_Choose_Pharmacy"/>
  <testcase name="navtolistview" time="5.002" classname="com.MyGNP_TCs.TC_2_Choose_Pharmacy"/>
  <testcase name="tap_pharmacy" time="14.451" classname="com.MyGNP_TCs.TC_2_Choose_Pharmacy"/>
  <testcase name="validate_my_pharmacy_view" time="14.974" classname="com.MyGNP_TCs.TC_2_Choose_Pharmacy"/>
  <testcase name="select_preferred" time="14.799" classname="com.MyGNP_TCs.TC_2_Choose_Pharmacy"/>
  <testcase name="select_popup" time="15.104" classname="com.MyGNP_TCs.TC_2_Choose_Pharmacy"/>
</testsuite> <!-- Test_Redmi -->
